<?xml version="1.0" encoding="UTF-8"?>
<!-- Generated by org.testng.reporters.JUnitReportReporter -->
<testsuite hostname="LTIN400760" failures="0" tests="1" name="TestNgTutorial.MyFirstTestngClass" time="0.003" errors="0" timestamp="2024-06-21T11:53:43 IST" skipped="0">
  <testcase classname="TestNgTutorial.MyFirstTestngClass" name="demo" time="0.003"/>
  <system-out/>
</testsuite> <!-- TestNgTutorial.MyFirstTestngClass -->
