<?xml version="1.0" encoding="UTF-8"?>
<!-- Generated by org.testng.reporters.JUnitReportReporter -->
<testsuite hostname="LTIN400760" failures="0" tests="2" name="TestNgTutorial.Test2" time="0.010" errors="0" timestamp="2024-06-25T12:18:30 IST" skipped="0">
  <testcase classname="TestNgTutorial.Test2" name="demo" time="0.005"/>
  <system-out/>
  <testcase classname="TestNgTutorial.Test2" name="myCase" time="0.005"/>
  <system-out/>
</testsuite> <!-- TestNgTutorial.Test2 -->
