<?xml version="1.0" encoding="UTF-8"?>
<!-- Generated by org.testng.reporters.JUnitReportReporter -->
<testsuite hostname="LTIN400760" failures="0" tests="1" name="TestNgTutorial.MyThirdTestng" time="0.001" errors="0" timestamp="2024-06-21T11:53:43 IST" skipped="0">
  <testcase classname="TestNgTutorial.MyThirdTestng" name="Bikeloan" time="0.001"/>
  <system-out/>
</testsuite> <!-- TestNgTutorial.MyThirdTestng -->
